gmake[2]: *** [googletest/CMakeFiles/gtest.dir/build.make:76: googletest/CMakeFiles/gtest.dir/src/gtest-all.cc.o] Interrupt
gmake[1]: *** [CMakeFiles/Makefile2:2944: googletest/CMakeFiles/gtest.dir/all] Interrupt
gmake[2]: *** [CMakeFiles/cartographer.dir/build.make:3085: CMakeFiles/cartographer.dir/depend] Interrupt
gmake[1]: *** [CMakeFiles/Makefile2:334: CMakeFiles/cartographer.dir/all] Interrupt
Traceback (most recent call last):
  File "/usr/bin/sphinx-build", line 33, in <module>
    sys.exit(load_entry_point('Sphinx==4.3.2', 'console_scripts', 'sphinx-build')())
  File "/usr/bin/sphinx-build", line 25, in importlib_load_entry_point
    return next(matches).load()
  File "/usr/lib/python3.10/importlib/metadata/__init__.py", line 171, in load
    module = import_module(match.group('module'))
  File "/usr/lib/python3.10/importlib/__init__.py", line 126, in import_module
    return _bootstrap._gcd_import(name[level:], package, level)
  File "<frozen importlib._bootstrap>", line 1050, in _gcd_import
  File "<frozen importlib._bootstrap>", line 1027, in _find_and_load
  File "<frozen importlib._bootstrap>", line 1006, in _find_and_load_unlocked
  File "<frozen importlib._bootstrap>", line 688, in _load_unlocked
  File "<frozen importlib._bootstrap_external>", line 883, in exec_module
  File "<frozen importlib._bootstrap>", line 241, in _call_with_frames_removed
  File "/usr/lib/python3/dist-packages/sphinx/cmd/build.py", line 25, in <module>
    from sphinx.application import Sphinx
  File "/usr/lib/python3/dist-packages/sphinx/application.py", line 43, in <module>
    from sphinx.registry import SphinxComponentRegistry
  File "/usr/lib/python3/dist-packages/sphinx/registry.py", line 24, in <module>
    from pkg_resources import iter_entry_points
  File "/usr/local/lib/python3.10/dist-packages/pkg_resources/__init__.py", line 3260, in <module>
    def _initialize_master_working_set():
  File "/usr/local/lib/python3.10/dist-packages/pkg_resources/__init__.py", line 3234, in _call_aside
    f(*args, **kwargs)
  File "/usr/local/lib/python3.10/dist-packages/pkg_resources/__init__.py", line 3285, in _initialize_master_working_set
    tuple(
  File "/usr/local/lib/python3.10/dist-packages/pkg_resources/__init__.py", line 3286, in <genexpr>
    dist.activate(replace=False)
  File "/usr/local/lib/python3.10/dist-packages/pkg_resources/__init__.py", line 2801, in activate
    fixup_namespace_packages(self.location)
  File "/usr/local/lib/python3.10/dist-packages/pkg_resources/__init__.py", line 2328, in fixup_namespace_packages
    subpath = _handle_ns(package, path_item)
  File "/usr/local/lib/python3.10/dist-packages/pkg_resources/__init__.py", line 2227, in _handle_ns
    spec = importer.find_spec(packageName)
  File "<frozen importlib._bootstrap_external>", line 1544, in find_spec
  File "<frozen importlib._bootstrap_external>", line 140, in _path_stat
KeyboardInterrupt
gmake[2]: *** [docs/CMakeFiles/build_doc.dir/build.make:71: docs/CMakeFiles/build_doc] Interrupt
gmake[1]: *** [CMakeFiles/Makefile2:2996: docs/CMakeFiles/build_doc.dir/all] Interrupt
gmake: *** [Makefile:146: all] Interrupt
