[  0%] [34m[1mRunning C++ protocol buffer compiler on /home/pi/my_turtlebot_ws/src/cartographer/cartographer/transform/proto/transform.proto[0m
[  1%] [32mBuilding CXX object googletest/CMakeFiles/gtest.dir/src/gtest-all.cc.o[0m
[  1%] [34m[1mBuilding documentation.[0m
[  1%] Built target cartographer_detect_changes
[  1%] [34m[1mRunning C++ protocol buffer compiler on /home/pi/my_turtlebot_ws/src/cartographer/cartographer/common/proto/ceres_solver_options.proto[0m
[  1%] [34m[1mRunning C++ protocol buffer compiler on /home/pi/my_turtlebot_ws/src/cartographer/cartographer/ground_truth/proto/relations.proto[0m
[  2%] [34m[1mRunning C++ protocol buffer compiler on /home/pi/my_turtlebot_ws/src/cartographer/cartographer/mapping/proto/cell_limits_2d.proto[0m
[  2%] [34m[1mRunning C++ protocol buffer compiler on /home/pi/my_turtlebot_ws/src/cartographer/cartographer/mapping/proto/connected_components.proto[0m
[  2%] [34m[1mRunning C++ protocol buffer compiler on /home/pi/my_turtlebot_ws/src/cartographer/cartographer/mapping/proto/grid_2d.proto[0m
[  2%] [34m[1mRunning C++ protocol buffer compiler on /home/pi/my_turtlebot_ws/src/cartographer/cartographer/mapping/proto/grid_2d_options.proto[0m
[  2%] [34m[1mRunning C++ protocol buffer compiler on /home/pi/my_turtlebot_ws/src/cartographer/cartographer/mapping/proto/local_trajectory_builder_options_2d.proto[0m
[  3%] [34m[1mRunning C++ protocol buffer compiler on /home/pi/my_turtlebot_ws/src/cartographer/cartographer/mapping/proto/hybrid_grid.proto[0m
[  3%] [34m[1mRunning C++ protocol buffer compiler on /home/pi/my_turtlebot_ws/src/cartographer/cartographer/mapping/proto/local_trajectory_builder_options_3d.proto[0m
[  4%] [34m[1mRunning C++ protocol buffer compiler on /home/pi/my_turtlebot_ws/src/cartographer/cartographer/mapping/proto/map_limits.proto[0m
[  4%] [34m[1mRunning C++ protocol buffer compiler on /home/pi/my_turtlebot_ws/src/cartographer/cartographer/mapping/proto/map_builder_options.proto[0m
[  4%] [34m[1mRunning C++ protocol buffer compiler on /home/pi/my_turtlebot_ws/src/cartographer/cartographer/mapping/proto/motion_filter_options.proto[0m
[  4%] [34m[1mRunning C++ protocol buffer compiler on /home/pi/my_turtlebot_ws/src/cartographer/cartographer/mapping/proto/normal_estimation_options_2d.proto[0m
[  4%] [34m[1mRunning C++ protocol buffer compiler on /home/pi/my_turtlebot_ws/src/cartographer/cartographer/mapping/proto/pose_extrapolator_options.proto[0m
[  5%] [34m[1mRunning C++ protocol buffer compiler on /home/pi/my_turtlebot_ws/src/cartographer/cartographer/mapping/proto/pose_graph.proto[0m
[  5%] [34m[1mRunning C++ protocol buffer compiler on /home/pi/my_turtlebot_ws/src/cartographer/cartographer/mapping/proto/pose_graph/constraint_builder_options.proto[0m
[  5%] [34m[1mRunning C++ protocol buffer compiler on /home/pi/my_turtlebot_ws/src/cartographer/cartographer/mapping/proto/pose_graph/optimization_problem_options.proto[0m
[  5%] [34m[1mRunning C++ protocol buffer compiler on /home/pi/my_turtlebot_ws/src/cartographer/cartographer/mapping/proto/pose_graph_options.proto[0m
[  6%] [34m[1mRunning C++ protocol buffer compiler on /home/pi/my_turtlebot_ws/src/cartographer/cartographer/mapping/proto/probability_grid.proto[0m
[  6%] [34m[1mRunning C++ protocol buffer compiler on /home/pi/my_turtlebot_ws/src/cartographer/cartographer/mapping/proto/probability_grid_range_data_inserter_options_2d.proto[0m
[  6%] [34m[1mRunning C++ protocol buffer compiler on /home/pi/my_turtlebot_ws/src/cartographer/cartographer/mapping/proto/range_data_inserter_options.proto[0m
[  6%] [34m[1mRunning C++ protocol buffer compiler on /home/pi/my_turtlebot_ws/src/cartographer/cartographer/mapping/proto/range_data_inserter_options_3d.proto[0m
[  7%] [34m[1mRunning C++ protocol buffer compiler on /home/pi/my_turtlebot_ws/src/cartographer/cartographer/mapping/proto/scan_matching/ceres_scan_matcher_options_2d.proto[0m
[  7%] [34m[1mRunning C++ protocol buffer compiler on /home/pi/my_turtlebot_ws/src/cartographer/cartographer/mapping/proto/scan_matching/fast_correlative_scan_matcher_options_2d.proto[0m
[  7%] [34m[1mRunning C++ protocol buffer compiler on /home/pi/my_turtlebot_ws/src/cartographer/cartographer/mapping/proto/scan_matching/ceres_scan_matcher_options_3d.proto[0m
[  7%] [34m[1mRunning C++ protocol buffer compiler on /home/pi/my_turtlebot_ws/src/cartographer/cartographer/mapping/proto/scan_matching/fast_correlative_scan_matcher_options_3d.proto[0m
[  8%] [34m[1mRunning C++ protocol buffer compiler on /home/pi/my_turtlebot_ws/src/cartographer/cartographer/mapping/proto/scan_matching/real_time_correlative_scan_matcher_options.proto[0m
[  8%] [34m[1mRunning C++ protocol buffer compiler on /home/pi/my_turtlebot_ws/src/cartographer/cartographer/mapping/proto/serialization.proto[0m
[  8%] [34m[1mRunning C++ protocol buffer compiler on /home/pi/my_turtlebot_ws/src/cartographer/cartographer/mapping/proto/submap.proto[0m
[  8%] [34m[1mRunning C++ protocol buffer compiler on /home/pi/my_turtlebot_ws/src/cartographer/cartographer/mapping/proto/submap_visualization.proto[0m
[  9%] [34m[1mRunning C++ protocol buffer compiler on /home/pi/my_turtlebot_ws/src/cartographer/cartographer/mapping/proto/submaps_options_2d.proto[0m
[  9%] [34m[1mRunning C++ protocol buffer compiler on /home/pi/my_turtlebot_ws/src/cartographer/cartographer/mapping/proto/submaps_options_3d.proto[0m
[  9%] [34m[1mRunning C++ protocol buffer compiler on /home/pi/my_turtlebot_ws/src/cartographer/cartographer/mapping/proto/trajectory.proto[0m
[ 10%] [34m[1mRunning C++ protocol buffer compiler on /home/pi/my_turtlebot_ws/src/cartographer/cartographer/mapping/proto/trajectory_builder_options.proto[0m
[ 10%] [34m[1mRunning C++ protocol buffer compiler on /home/pi/my_turtlebot_ws/src/cartographer/cartographer/mapping/proto/trajectory_node_data.proto[0m
[ 10%] [34m[1mRunning C++ protocol buffer compiler on /home/pi/my_turtlebot_ws/src/cartographer/cartographer/mapping/proto/tsdf_2d.proto[0m
[ 10%] [34m[1mRunning C++ protocol buffer compiler on /home/pi/my_turtlebot_ws/src/cartographer/cartographer/mapping/proto/tsdf_range_data_inserter_options_2d.proto[0m
[ 11%] [34m[1mRunning C++ protocol buffer compiler on /home/pi/my_turtlebot_ws/src/cartographer/cartographer/sensor/proto/adaptive_voxel_filter_options.proto[0m
[ 11%] [34m[1mRunning C++ protocol buffer compiler on /home/pi/my_turtlebot_ws/src/cartographer/cartographer/sensor/proto/sensor.proto[0m
[ 11%] [34m[1mRunning C++ protocol buffer compiler on /home/pi/my_turtlebot_ws/src/cartographer/cartographer/transform/proto/timestamped_transform.proto[0m
