[0.161s] Invoking command in '/home/pi/my_turtlebot_ws/src/build/cartographer': CMAKE_PREFIX_PATH=${CMAKE_PREFIX_PATH}:/home/pi/my_turtlebot_ws/install/turtlebot3_teleop:/home/pi/my_turtlebot_ws/install/turtlebot3_example:/home/pi/my_turtlebot_ws/install/mission_control:/home/pi/my_turtlebot_ws/install/auto_explore_controller:/home/pi/turtlebot3_ws/install/turtlebot3_teleop:/home/pi/turtlebot3_ws/install/turtlebot3_example:/opt/ros/humble /usr/bin/cmake --build /home/pi/my_turtlebot_ws/src/build/cartographer -- -j4 -l4
[0.561s] [  0%] [34m[1mRunning C++ protocol buffer compiler on /home/pi/my_turtlebot_ws/src/cartographer/cartographer/transform/proto/transform.proto[0m
[0.802s] [  1%] [32mBuilding CXX object googletest/CMakeFiles/gtest.dir/src/gtest-all.cc.o[0m
[0.851s] [  1%] [34m[1mBuilding documentation.[0m
[0.876s] [  1%] Built target cartographer_detect_changes
[0.883s] [  1%] [34m[1mRunning C++ protocol buffer compiler on /home/pi/my_turtlebot_ws/src/cartographer/cartographer/common/proto/ceres_solver_options.proto[0m
[1.066s] [  1%] [34m[1mRunning C++ protocol buffer compiler on /home/pi/my_turtlebot_ws/src/cartographer/cartographer/ground_truth/proto/relations.proto[0m
[1.069s] [  2%] [34m[1mRunning C++ protocol buffer compiler on /home/pi/my_turtlebot_ws/src/cartographer/cartographer/mapping/proto/cell_limits_2d.proto[0m
[1.269s] [  2%] [34m[1mRunning C++ protocol buffer compiler on /home/pi/my_turtlebot_ws/src/cartographer/cartographer/mapping/proto/connected_components.proto[0m
[1.412s] [  2%] [34m[1mRunning C++ protocol buffer compiler on /home/pi/my_turtlebot_ws/src/cartographer/cartographer/mapping/proto/grid_2d.proto[0m
[1.459s] [  2%] [34m[1mRunning C++ protocol buffer compiler on /home/pi/my_turtlebot_ws/src/cartographer/cartographer/mapping/proto/grid_2d_options.proto[0m
[1.698s] [  2%] [34m[1mRunning C++ protocol buffer compiler on /home/pi/my_turtlebot_ws/src/cartographer/cartographer/mapping/proto/local_trajectory_builder_options_2d.proto[0m
[1.701s] [  3%] [34m[1mRunning C++ protocol buffer compiler on /home/pi/my_turtlebot_ws/src/cartographer/cartographer/mapping/proto/hybrid_grid.proto[0m
[1.814s] [  3%] [34m[1mRunning C++ protocol buffer compiler on /home/pi/my_turtlebot_ws/src/cartographer/cartographer/mapping/proto/local_trajectory_builder_options_3d.proto[0m
[1.949s] [  4%] [34m[1mRunning C++ protocol buffer compiler on /home/pi/my_turtlebot_ws/src/cartographer/cartographer/mapping/proto/map_limits.proto[0m
[1.966s] [  4%] [34m[1mRunning C++ protocol buffer compiler on /home/pi/my_turtlebot_ws/src/cartographer/cartographer/mapping/proto/map_builder_options.proto[0m
[2.174s] [  4%] [34m[1mRunning C++ protocol buffer compiler on /home/pi/my_turtlebot_ws/src/cartographer/cartographer/mapping/proto/motion_filter_options.proto[0m
[2.186s] [  4%] [34m[1mRunning C++ protocol buffer compiler on /home/pi/my_turtlebot_ws/src/cartographer/cartographer/mapping/proto/normal_estimation_options_2d.proto[0m
[2.418s] [  4%] [34m[1mRunning C++ protocol buffer compiler on /home/pi/my_turtlebot_ws/src/cartographer/cartographer/mapping/proto/pose_extrapolator_options.proto[0m
[2.462s] [  5%] [34m[1mRunning C++ protocol buffer compiler on /home/pi/my_turtlebot_ws/src/cartographer/cartographer/mapping/proto/pose_graph.proto[0m
[2.667s] [  5%] [34m[1mRunning C++ protocol buffer compiler on /home/pi/my_turtlebot_ws/src/cartographer/cartographer/mapping/proto/pose_graph/constraint_builder_options.proto[0m
[2.802s] [  5%] [34m[1mRunning C++ protocol buffer compiler on /home/pi/my_turtlebot_ws/src/cartographer/cartographer/mapping/proto/pose_graph/optimization_problem_options.proto[0m
[2.957s] [  5%] [34m[1mRunning C++ protocol buffer compiler on /home/pi/my_turtlebot_ws/src/cartographer/cartographer/mapping/proto/pose_graph_options.proto[0m
[3.106s] [  6%] [34m[1mRunning C++ protocol buffer compiler on /home/pi/my_turtlebot_ws/src/cartographer/cartographer/mapping/proto/probability_grid.proto[0m
[3.236s] [  6%] [34m[1mRunning C++ protocol buffer compiler on /home/pi/my_turtlebot_ws/src/cartographer/cartographer/mapping/proto/probability_grid_range_data_inserter_options_2d.proto[0m
[3.354s] [  6%] [34m[1mRunning C++ protocol buffer compiler on /home/pi/my_turtlebot_ws/src/cartographer/cartographer/mapping/proto/range_data_inserter_options.proto[0m
[3.541s] [  6%] [34m[1mRunning C++ protocol buffer compiler on /home/pi/my_turtlebot_ws/src/cartographer/cartographer/mapping/proto/range_data_inserter_options_3d.proto[0m
[3.568s] [  7%] [34m[1mRunning C++ protocol buffer compiler on /home/pi/my_turtlebot_ws/src/cartographer/cartographer/mapping/proto/scan_matching/ceres_scan_matcher_options_2d.proto[0m
[3.756s] [  7%] [34m[1mRunning C++ protocol buffer compiler on /home/pi/my_turtlebot_ws/src/cartographer/cartographer/mapping/proto/scan_matching/fast_correlative_scan_matcher_options_2d.proto[0m
[3.768s] [  7%] [34m[1mRunning C++ protocol buffer compiler on /home/pi/my_turtlebot_ws/src/cartographer/cartographer/mapping/proto/scan_matching/ceres_scan_matcher_options_3d.proto[0m
[3.898s] [  7%] [34m[1mRunning C++ protocol buffer compiler on /home/pi/my_turtlebot_ws/src/cartographer/cartographer/mapping/proto/scan_matching/fast_correlative_scan_matcher_options_3d.proto[0m
[4.012s] [  8%] [34m[1mRunning C++ protocol buffer compiler on /home/pi/my_turtlebot_ws/src/cartographer/cartographer/mapping/proto/scan_matching/real_time_correlative_scan_matcher_options.proto[0m
[4.109s] [  8%] [34m[1mRunning C++ protocol buffer compiler on /home/pi/my_turtlebot_ws/src/cartographer/cartographer/mapping/proto/serialization.proto[0m
[4.208s] [  8%] [34m[1mRunning C++ protocol buffer compiler on /home/pi/my_turtlebot_ws/src/cartographer/cartographer/mapping/proto/submap.proto[0m
[4.342s] [  8%] [34m[1mRunning C++ protocol buffer compiler on /home/pi/my_turtlebot_ws/src/cartographer/cartographer/mapping/proto/submap_visualization.proto[0m
[4.430s] [  9%] [34m[1mRunning C++ protocol buffer compiler on /home/pi/my_turtlebot_ws/src/cartographer/cartographer/mapping/proto/submaps_options_2d.proto[0m
[4.510s] [  9%] [34m[1mRunning C++ protocol buffer compiler on /home/pi/my_turtlebot_ws/src/cartographer/cartographer/mapping/proto/submaps_options_3d.proto[0m
[4.561s] [  9%] [34m[1mRunning C++ protocol buffer compiler on /home/pi/my_turtlebot_ws/src/cartographer/cartographer/mapping/proto/trajectory.proto[0m
[4.688s] [ 10%] [34m[1mRunning C++ protocol buffer compiler on /home/pi/my_turtlebot_ws/src/cartographer/cartographer/mapping/proto/trajectory_builder_options.proto[0m
[4.707s] [ 10%] [34m[1mRunning C++ protocol buffer compiler on /home/pi/my_turtlebot_ws/src/cartographer/cartographer/mapping/proto/trajectory_node_data.proto[0m
[4.795s] [ 10%] [34m[1mRunning C++ protocol buffer compiler on /home/pi/my_turtlebot_ws/src/cartographer/cartographer/mapping/proto/tsdf_2d.proto[0m
[4.891s] [ 10%] [34m[1mRunning C++ protocol buffer compiler on /home/pi/my_turtlebot_ws/src/cartographer/cartographer/mapping/proto/tsdf_range_data_inserter_options_2d.proto[0m
[4.936s] [ 11%] [34m[1mRunning C++ protocol buffer compiler on /home/pi/my_turtlebot_ws/src/cartographer/cartographer/sensor/proto/adaptive_voxel_filter_options.proto[0m
[5.116s] [ 11%] [34m[1mRunning C++ protocol buffer compiler on /home/pi/my_turtlebot_ws/src/cartographer/cartographer/sensor/proto/sensor.proto[0m
[5.132s] [ 11%] [34m[1mRunning C++ protocol buffer compiler on /home/pi/my_turtlebot_ws/src/cartographer/cartographer/transform/proto/timestamped_transform.proto[0m
[7.678s] gmake[2]: *** [googletest/CMakeFiles/gtest.dir/build.make:76: googletest/CMakeFiles/gtest.dir/src/gtest-all.cc.o] Interrupt
[7.696s] gmake[1]: *** [CMakeFiles/Makefile2:2944: googletest/CMakeFiles/gtest.dir/all] Interrupt
[7.719s] gmake[2]: *** [CMakeFiles/cartographer.dir/build.make:3085: CMakeFiles/cartographer.dir/depend] Interrupt
[7.734s] gmake[1]: *** [CMakeFiles/Makefile2:334: CMakeFiles/cartographer.dir/all] Interrupt
[7.739s] Traceback (most recent call last):
[7.832s]   File "/usr/bin/sphinx-build", line 33, in <module>
[7.834s]     sys.exit(load_entry_point('Sphinx==4.3.2', 'console_scripts', 'sphinx-build')())
[7.848s]   File "/usr/bin/sphinx-build", line 25, in importlib_load_entry_point
[7.850s]     return next(matches).load()
[7.852s]   File "/usr/lib/python3.10/importlib/metadata/__init__.py", line 171, in load
[7.855s]     module = import_module(match.group('module'))
[7.857s]   File "/usr/lib/python3.10/importlib/__init__.py", line 126, in import_module
[7.874s]     return _bootstrap._gcd_import(name[level:], package, level)
[7.876s]   File "<frozen importlib._bootstrap>", line 1050, in _gcd_import
[7.879s]   File "<frozen importlib._bootstrap>", line 1027, in _find_and_load
[7.881s]   File "<frozen importlib._bootstrap>", line 1006, in _find_and_load_unlocked
[7.883s]   File "<frozen importlib._bootstrap>", line 688, in _load_unlocked
[7.885s]   File "<frozen importlib._bootstrap_external>", line 883, in exec_module
[7.887s]   File "<frozen importlib._bootstrap>", line 241, in _call_with_frames_removed
[7.949s]   File "/usr/lib/python3/dist-packages/sphinx/cmd/build.py", line 25, in <module>
[7.954s]     from sphinx.application import Sphinx
[7.956s]   File "/usr/lib/python3/dist-packages/sphinx/application.py", line 43, in <module>
[7.959s]     from sphinx.registry import SphinxComponentRegistry
[7.961s]   File "/usr/lib/python3/dist-packages/sphinx/registry.py", line 24, in <module>
[7.966s]     from pkg_resources import iter_entry_points
[7.968s]   File "/usr/local/lib/python3.10/dist-packages/pkg_resources/__init__.py", line 3260, in <module>
[8.160s]     def _initialize_master_working_set():
[8.162s]   File "/usr/local/lib/python3.10/dist-packages/pkg_resources/__init__.py", line 3234, in _call_aside
[8.164s]     f(*args, **kwargs)
[8.166s]   File "/usr/local/lib/python3.10/dist-packages/pkg_resources/__init__.py", line 3285, in _initialize_master_working_set
[8.168s]     tuple(
[8.170s]   File "/usr/local/lib/python3.10/dist-packages/pkg_resources/__init__.py", line 3286, in <genexpr>
[8.172s]     dist.activate(replace=False)
[8.174s]   File "/usr/local/lib/python3.10/dist-packages/pkg_resources/__init__.py", line 2801, in activate
[8.193s]     fixup_namespace_packages(self.location)
[8.194s]   File "/usr/local/lib/python3.10/dist-packages/pkg_resources/__init__.py", line 2328, in fixup_namespace_packages
[8.196s]     subpath = _handle_ns(package, path_item)
[8.197s]   File "/usr/local/lib/python3.10/dist-packages/pkg_resources/__init__.py", line 2227, in _handle_ns
[8.197s]     spec = importer.find_spec(packageName)
[8.198s]   File "<frozen importlib._bootstrap_external>", line 1544, in find_spec
[8.199s]   File "<frozen importlib._bootstrap_external>", line 140, in _path_stat
[8.201s] KeyboardInterrupt
[8.287s] gmake[2]: *** [docs/CMakeFiles/build_doc.dir/build.make:71: docs/CMakeFiles/build_doc] Interrupt
[8.288s] gmake[1]: *** [CMakeFiles/Makefile2:2996: docs/CMakeFiles/build_doc.dir/all] Interrupt
[8.288s] gmake: *** [Makefile:146: all] Interrupt
