[0.124s] Invoking command in '/home/pi/my_turtlebot_ws/src/build/dynamixel_sdk': CMAKE_PREFIX_PATH=${CMAKE_PREFIX_PATH}:/home/pi/my_turtlebot_ws/install/turtlebot3_teleop:/home/pi/my_turtlebot_ws/install/turtlebot3_example:/home/pi/my_turtlebot_ws/install/mission_control:/home/pi/my_turtlebot_ws/install/auto_explore_controller:/home/pi/turtlebot3_ws/install/turtlebot3_teleop:/home/pi/turtlebot3_ws/install/turtlebot3_example:/opt/ros/humble /usr/bin/cmake --build /home/pi/my_turtlebot_ws/src/build/dynamixel_sdk -- -j4 -l4
[0.355s] [35m[1mConsolidate compiler generated dependencies of target dynamixel_sdk[0m
[0.561s] [  7%] [32mBuilding CXX object CMakeFiles/dynamixel_sdk.dir/src/dynamixel_sdk/group_sync_write.cpp.o[0m
[0.583s] [ 15%] [32mBuilding CXX object CMakeFiles/dynamixel_sdk.dir/src/dynamixel_sdk/group_sync_read.cpp.o[0m
[0.584s] [ 23%] [32mBuilding CXX object CMakeFiles/dynamixel_sdk.dir/src/dynamixel_sdk/group_bulk_read.cpp.o[0m
[0.836s] [ 23%] Built target ament_cmake_python_copy_dynamixel_sdk
[0.967s] [ 30%] [32mBuilding CXX object CMakeFiles/dynamixel_sdk.dir/src/dynamixel_sdk/group_bulk_write.cpp.o[0m
[6.697s] [ 38%] [32mBuilding CXX object CMakeFiles/dynamixel_sdk.dir/src/dynamixel_sdk/group_fast_bulk_read.cpp.o[0m
[7.366s] [ 46%] [32mBuilding CXX object CMakeFiles/dynamixel_sdk.dir/src/dynamixel_sdk/group_fast_sync_read.cpp.o[0m
[7.516s] [ 53%] [32mBuilding CXX object CMakeFiles/dynamixel_sdk.dir/src/dynamixel_sdk/group_handler.cpp.o[0m
[10.708s] [ 61%] [32mBuilding CXX object CMakeFiles/dynamixel_sdk.dir/src/dynamixel_sdk/port_handler.cpp.o[0m
[11.167s] [ 69%] [32mBuilding CXX object CMakeFiles/dynamixel_sdk.dir/src/dynamixel_sdk/port_handler_linux.cpp.o[0m
[12.189s] [ 76%] [32m[1mLinking CXX shared library libdynamixel_sdk.so[0m
[13.448s] [100%] Built target dynamixel_sdk
[13.523s] running egg_info
[13.528s] creating dynamixel_sdk.egg-info
[13.702s] writing dynamixel_sdk.egg-info/PKG-INFO
[13.703s] writing dependency_links to dynamixel_sdk.egg-info/dependency_links.txt
[13.705s] writing top-level names to dynamixel_sdk.egg-info/top_level.txt
[13.706s] writing manifest file 'dynamixel_sdk.egg-info/SOURCES.txt'
[14.232s] reading manifest file 'dynamixel_sdk.egg-info/SOURCES.txt'
[14.237s] writing manifest file 'dynamixel_sdk.egg-info/SOURCES.txt'
[14.637s] [100%] Built target ament_cmake_python_build_dynamixel_sdk_egg
