[0.113s] Invoking command in '/home/pi/my_turtlebot_ws/src/build/turtlebot3_msgs': CMAKE_PREFIX_PATH=${CMAKE_PREFIX_PATH}:/home/pi/my_turtlebot_ws/install/turtlebot3_teleop:/home/pi/my_turtlebot_ws/install/turtlebot3_example:/home/pi/my_turtlebot_ws/install/mission_control:/home/pi/my_turtlebot_ws/install/auto_explore_controller:/home/pi/turtlebot3_ws/install/turtlebot3_teleop:/home/pi/turtlebot3_ws/install/turtlebot3_example:/opt/ros/humble /usr/bin/cmake /home/pi/my_turtlebot_ws/src/turtlebot3_msgs -DCMAKE_INSTALL_PREFIX=/home/pi/my_turtlebot_ws/src/install/turtlebot3_msgs
[0.496s] -- The C compiler identification is GNU 11.4.0
[0.845s] -- The CXX compiler identification is GNU 11.4.0
[0.878s] -- Detecting C compiler ABI info
[1.324s] -- Detecting C compiler ABI info - done
[1.351s] -- Check for working C compiler: /usr/bin/cc - skipped
[1.352s] -- Detecting C compile features
[1.354s] -- Detecting C compile features - done
[1.368s] -- Detecting CXX compiler ABI info
[1.882s] -- Detecting CXX compiler ABI info - done
[1.916s] -- Check for working CXX compiler: /usr/bin/c++ - skipped
[1.917s] -- Detecting CXX compile features
[1.918s] -- Detecting CXX compile features - done
[1.982s] -- Found action_msgs: 1.2.1 (/opt/ros/humble/share/action_msgs/cmake)
[6.815s] -- Found Python3: /usr/bin/python3 (found version "3.10.12") found components: Interpreter 
[8.717s] -- Found rosidl_generator_c: 3.1.6 (/opt/ros/humble/share/rosidl_generator_c/cmake)
[8.835s] -- Found rosidl_adapter: 3.1.6 (/opt/ros/humble/share/rosidl_adapter/cmake)
[8.977s] -- Found rosidl_generator_cpp: 3.1.6 (/opt/ros/humble/share/rosidl_generator_cpp/cmake)
[9.123s] -- Using all available rosidl_typesupport_c: rosidl_typesupport_fastrtps_c;rosidl_typesupport_introspection_c
[9.332s] -- Using all available rosidl_typesupport_cpp: rosidl_typesupport_fastrtps_cpp;rosidl_typesupport_introspection_cpp
[9.665s] -- Found rosidl_default_generators: 1.2.0 (/opt/ros/humble/share/rosidl_default_generators/cmake)
[9.804s] -- Found std_msgs: 4.8.0 (/opt/ros/humble/share/std_msgs/cmake)
[9.900s] -- Found geometry_msgs: 4.8.0 (/opt/ros/humble/share/geometry_msgs/cmake)
[11.913s] -- Found ament_cmake_cppcheck: 0.12.12 (/opt/ros/humble/share/ament_cmake_cppcheck/cmake)
[11.971s] -- Found ament_cmake_cpplint: 0.12.12 (/opt/ros/humble/share/ament_cmake_cpplint/cmake)
[12.030s] -- Found ament_cmake_uncrustify: 0.12.12 (/opt/ros/humble/share/ament_cmake_uncrustify/cmake)
[12.090s] -- Found ament_cmake_ros: 0.10.0 (/opt/ros/humble/share/ament_cmake_ros/cmake)
[14.528s] -- Using all available rosidl_typesupport_c: rosidl_typesupport_fastrtps_c;rosidl_typesupport_introspection_c
[15.446s] -- Using all available rosidl_typesupport_cpp: rosidl_typesupport_fastrtps_cpp;rosidl_typesupport_introspection_cpp
[15.595s] -- Found PythonInterp: /usr/bin/python3 (found suitable version "3.10.12", minimum required is "3.6") 
[15.648s] -- Found python_cmake_module: 0.10.0 (/opt/ros/humble/share/python_cmake_module/cmake)
[15.814s] -- Found PythonLibs: /usr/lib/aarch64-linux-gnu/libpython3.10.so (found suitable version "3.10.12", minimum required is "3.5") 
[15.814s] -- Using PYTHON_EXECUTABLE: /usr/bin/python3
[15.814s] -- Using PYTHON_INCLUDE_DIRS: /usr/include/python3.10
[15.815s] -- Using PYTHON_LIBRARIES: /usr/lib/aarch64-linux-gnu/libpython3.10.so
[15.946s] -- Found PythonExtra: .so  
[16.763s] -- Using numpy include directory: /home/pi/.local/lib/python3.10/site-packages/numpy/core/include
[16.930s] -- Found ament_cmake_flake8: 0.12.12 (/opt/ros/humble/share/ament_cmake_flake8/cmake)
[16.988s] -- Found ament_cmake_pep257: 0.12.12 (/opt/ros/humble/share/ament_cmake_pep257/cmake)
[17.038s] -- Configuring done
[17.284s] -- Generating done
[17.340s] -- Build files have been written to: /home/pi/my_turtlebot_ws/src/build/turtlebot3_msgs
