[  0%] [34m[1mBuilding documentation.[0m
[  1%] [32mBuilding CXX object googletest/CMakeFiles/gtest.dir/src/gtest-all.cc.o[0m
[  2%] [32mBuilding CXX object CMakeFiles/cartographer.dir/cartographer/common/configuration_file_resolver.cc.o[0m
[  2%] Built target cartographer_detect_changes
[  2%] [32mBuilding CXX object CMakeFiles/cartographer.dir/cartographer/common/fixed_ratio_sampler.cc.o[0m
[01mRunning Sphinx v4.3.2[39;49;00m
[01mmaking output directory... [39;49;00mdone
[01mbuilding [mo]: [39;49;00mtargets for 0 po files that are out of date
[01mbuilding [html]: [39;49;00mtargets for 6 source files that are out of date
[01mupdating environment: [39;49;00m[new config] 6 added, 0 changed, 0 removed
[01mreading sources... [39;49;00m[ 16%] [35mconfiguration[39;49;00m                                        
[01mreading sources... [39;49;00m[ 33%] [35mcost_functions[39;49;00m                                       
[01mreading sources... [39;49;00m[ 50%] [35mevaluation[39;49;00m                                           
[01mreading sources... [39;49;00m[ 66%] [35mindex[39;49;00m                                                
[01mreading sources... [39;49;00m[ 83%] [35mpbstream_migration[39;49;00m                                   
[01mreading sources... [39;49;00m[100%] [35mterminology[39;49;00m                                          

[01mlooking for now-outdated files... [39;49;00mnone found
[01mpickling environment... [39;49;00mdone
[01mchecking consistency... [39;49;00mdone
[01mpreparing documents... [39;49;00mdone
[01mwriting output... [39;49;00m[ 16%] [32mconfiguration[39;49;00m                                         
[01mwriting output... [39;49;00m[ 33%] [32mcost_functions[39;49;00m                                        
[01mwriting output... [39;49;00m[ 50%] [32mevaluation[39;49;00m                                            
[01mwriting output... [39;49;00m[ 66%] [32mindex[39;49;00m                                                 
[01mwriting output... [39;49;00m[ 83%] [32mpbstream_migration[39;49;00m                                    
[01mwriting output... [39;49;00m[100%] [32mterminology[39;49;00m                                           

[01mgenerating indices... [39;49;00mgenindex done
[01mwriting additional pages... [39;49;00msearch done
[01mcopying images... [39;49;00m[ 50%] [33mautogenerate_groundtruth.png[39;49;00m                          
[01mcopying images... [39;49;00m[100%] [33mhigh_level_system_overview.png[39;49;00m                        

[01mcopying static files... [39;49;00mdone
[01mcopying extra files... [39;49;00mdone
[01mdumping search index in English (code: en)... [39;49;00mdone
[01mdumping object inventory... [39;49;00mdone
[01mbuild succeeded.[39;49;00m

The HTML pages are in html.
[  2%] Built target build_doc
[  2%] [32mBuilding CXX object CMakeFiles/cartographer.dir/cartographer/common/histogram.cc.o[0m
[  2%] [32mBuilding CXX object CMakeFiles/cartographer.dir/cartographer/common/internal/ceres_solver_options.cc.o[0m
[  3%] [32mBuilding CXX object CMakeFiles/cartographer.dir/cartographer/common/internal/testing/thread_pool_for_testing.cc.o[0m
[  3%] [32mBuilding CXX object CMakeFiles/cartographer.dir/cartographer/common/task.cc.o[0m
[  3%] [32mBuilding CXX object CMakeFiles/cartographer.dir/cartographer/common/thread_pool.cc.o[0m
[  4%] [32mBuilding CXX object CMakeFiles/cartographer.dir/cartographer/common/time.cc.o[0m
[  4%] [32mBuilding CXX object CMakeFiles/cartographer.dir/cartographer/ground_truth/autogenerate_ground_truth.cc.o[0m
[  4%] [32m[1mLinking CXX static library ../lib/libgtest.a[0m
[  4%] Built target gtest
[  4%] [32mBuilding CXX object CMakeFiles/cartographer.dir/cartographer/io/color.cc.o[0m
[  4%] [32mBuilding CXX object CMakeFiles/cartographer.dir/cartographer/ground_truth/relations_text_file.cc.o[0m
[  4%] [32mBuilding CXX object CMakeFiles/cartographer.dir/cartographer/common/lua_parameter_dictionary.cc.o[0m
[  5%] [32mBuilding CXX object CMakeFiles/cartographer.dir/cartographer/io/coloring_points_processor.cc.o[0m
gmake[2]: *** [CMakeFiles/cartographer.dir/build.make:503: CMakeFiles/cartographer.dir/cartographer/ground_truth/relations_text_file.cc.o] Interrupt
gmake[2]: *** [CMakeFiles/cartographer.dir/build.make:433: CMakeFiles/cartographer.dir/cartographer/common/lua_parameter_dictionary.cc.o] Interrupt
gmake[2]: *** [CMakeFiles/cartographer.dir/build.make:517: CMakeFiles/cartographer.dir/cartographer/io/color.cc.o] Interrupt
gmake[2]: *** [CMakeFiles/cartographer.dir/build.make:531: CMakeFiles/cartographer.dir/cartographer/io/coloring_points_processor.cc.o] Interrupt
gmake[1]: *** [CMakeFiles/Makefile2:335: CMakeFiles/cartographer.dir/all] Interrupt
gmake: *** [Makefile:146: all] Interrupt
