[0.059s] Invoking command in '/home/pi/my_turtlebot_ws/src/build/ld08_driver': CMAKE_PREFIX_PATH=${CMAKE_PREFIX_PATH}:/home/pi/my_turtlebot_ws/install/turtlebot3_teleop:/home/pi/my_turtlebot_ws/install/turtlebot3_example:/home/pi/my_turtlebot_ws/install/mission_control:/home/pi/my_turtlebot_ws/install/auto_explore_controller:/home/pi/turtlebot3_ws/install/turtlebot3_teleop:/home/pi/turtlebot3_ws/install/turtlebot3_example:/opt/ros/humble /usr/bin/cmake /home/pi/my_turtlebot_ws/src/ld08_driver -DCMAKE_INSTALL_PREFIX=/home/pi/my_turtlebot_ws/src/install/ld08_driver
[1.875s] -- The C compiler identification is GNU 11.4.0
[2.610s] -- The CXX compiler identification is GNU 11.4.0
[2.645s] -- Detecting C compiler ABI info
[3.031s] -- Detecting C compiler ABI info - done
[3.058s] -- Check for working C compiler: /usr/bin/cc - skipped
[3.060s] -- Detecting C compile features
[3.062s] -- Detecting C compile features - done
[3.074s] -- Detecting CXX compiler ABI info
[3.494s] -- Detecting CXX compiler ABI info - done
[3.523s] -- Check for working CXX compiler: /usr/bin/c++ - skipped
[3.523s] -- Detecting CXX compile features
[3.525s] -- Detecting CXX compile features - done
[3.592s] -- Found ament_cmake: 1.3.11 (/opt/ros/humble/share/ament_cmake/cmake)
[7.159s] -- Found Python3: /usr/bin/python3 (found version "3.10.12") found components: Interpreter 
[8.257s] -- Found rclcpp: 16.0.12 (/opt/ros/humble/share/rclcpp/cmake)
[9.053s] -- Found rosidl_generator_c: 3.1.6 (/opt/ros/humble/share/rosidl_generator_c/cmake)
[9.172s] -- Found rosidl_adapter: 3.1.6 (/opt/ros/humble/share/rosidl_adapter/cmake)
[9.315s] -- Found rosidl_generator_cpp: 3.1.6 (/opt/ros/humble/share/rosidl_generator_cpp/cmake)
[9.481s] -- Using all available rosidl_typesupport_c: rosidl_typesupport_fastrtps_c;rosidl_typesupport_introspection_c
[9.712s] -- Using all available rosidl_typesupport_cpp: rosidl_typesupport_fastrtps_cpp;rosidl_typesupport_introspection_cpp
[10.416s] -- Found rmw_implementation_cmake: 6.1.2 (/opt/ros/humble/share/rmw_implementation_cmake/cmake)
[10.484s] -- Found rmw_fastrtps_cpp: 6.2.7 (/opt/ros/humble/share/rmw_fastrtps_cpp/cmake)
[11.438s] -- Found OpenSSL: /usr/lib/aarch64-linux-gnu/libcrypto.so (found version "3.0.2")  
[11.766s] -- Found FastRTPS: /opt/ros/humble/include  
[12.285s] -- Using RMW implementation 'rmw_fastrtps_cpp' as default
[12.473s] -- Looking for pthread.h
[12.901s] -- Looking for pthread.h - found
[12.903s] -- Performing Test CMAKE_HAVE_LIBC_PTHREAD
[13.299s] -- Performing Test CMAKE_HAVE_LIBC_PTHREAD - Success
[13.304s] -- Found Threads: TRUE  
[13.822s] -- Found sensor_msgs: 4.8.0 (/opt/ros/humble/share/sensor_msgs/cmake)
[14.237s] -- Found Boost: /usr/lib/aarch64-linux-gnu/cmake/Boost-1.74.0/BoostConfig.cmake (found version "1.74.0") found components: system 
[14.602s] -- Configuring done
[14.661s] -- Generating done
[14.679s] -- Build files have been written to: /home/pi/my_turtlebot_ws/src/build/ld08_driver
[14.715s] Invoked command in '/home/pi/my_turtlebot_ws/src/build/ld08_driver' returned '0': CMAKE_PREFIX_PATH=${CMAKE_PREFIX_PATH}:/home/pi/my_turtlebot_ws/install/turtlebot3_teleop:/home/pi/my_turtlebot_ws/install/turtlebot3_example:/home/pi/my_turtlebot_ws/install/mission_control:/home/pi/my_turtlebot_ws/install/auto_explore_controller:/home/pi/turtlebot3_ws/install/turtlebot3_teleop:/home/pi/turtlebot3_ws/install/turtlebot3_example:/opt/ros/humble /usr/bin/cmake /home/pi/my_turtlebot_ws/src/ld08_driver -DCMAKE_INSTALL_PREFIX=/home/pi/my_turtlebot_ws/src/install/ld08_driver
[14.726s] Invoking command in '/home/pi/my_turtlebot_ws/src/build/ld08_driver': CMAKE_PREFIX_PATH=${CMAKE_PREFIX_PATH}:/home/pi/my_turtlebot_ws/install/turtlebot3_teleop:/home/pi/my_turtlebot_ws/install/turtlebot3_example:/home/pi/my_turtlebot_ws/install/mission_control:/home/pi/my_turtlebot_ws/install/auto_explore_controller:/home/pi/turtlebot3_ws/install/turtlebot3_teleop:/home/pi/turtlebot3_ws/install/turtlebot3_example:/opt/ros/humble /usr/bin/cmake --build /home/pi/my_turtlebot_ws/src/build/ld08_driver -- -j4 -l4
[14.994s] [ 16%] [32mBuilding CXX object CMakeFiles/ld08_driver.dir/src/cmd_interface_linux.cpp.o[0m
[14.999s] [ 33%] [32mBuilding CXX object CMakeFiles/ld08_driver.dir/src/lipkg.cpp.o[0m
[15.002s] [ 50%] [32mBuilding CXX object CMakeFiles/ld08_driver.dir/src/main.cpp.o[0m
[15.007s] [ 66%] [32mBuilding CXX object CMakeFiles/ld08_driver.dir/src/slbf.cpp.o[0m
[19.195s] [ 83%] [32mBuilding CXX object CMakeFiles/ld08_driver.dir/src/transform.cpp.o[0m
[38.900s] [100%] [32m[1mLinking CXX executable ld08_driver[0m
[40.080s] [100%] Built target ld08_driver
[40.127s] Invoked command in '/home/pi/my_turtlebot_ws/src/build/ld08_driver' returned '0': CMAKE_PREFIX_PATH=${CMAKE_PREFIX_PATH}:/home/pi/my_turtlebot_ws/install/turtlebot3_teleop:/home/pi/my_turtlebot_ws/install/turtlebot3_example:/home/pi/my_turtlebot_ws/install/mission_control:/home/pi/my_turtlebot_ws/install/auto_explore_controller:/home/pi/turtlebot3_ws/install/turtlebot3_teleop:/home/pi/turtlebot3_ws/install/turtlebot3_example:/opt/ros/humble /usr/bin/cmake --build /home/pi/my_turtlebot_ws/src/build/ld08_driver -- -j4 -l4
[40.181s] Invoking command in '/home/pi/my_turtlebot_ws/src/build/ld08_driver': CMAKE_PREFIX_PATH=${CMAKE_PREFIX_PATH}:/home/pi/my_turtlebot_ws/install/turtlebot3_teleop:/home/pi/my_turtlebot_ws/install/turtlebot3_example:/home/pi/my_turtlebot_ws/install/mission_control:/home/pi/my_turtlebot_ws/install/auto_explore_controller:/home/pi/turtlebot3_ws/install/turtlebot3_teleop:/home/pi/turtlebot3_ws/install/turtlebot3_example:/opt/ros/humble /usr/bin/cmake --install /home/pi/my_turtlebot_ws/src/build/ld08_driver
[40.214s] -- Install configuration: ""
[40.214s] -- Installing: /home/pi/my_turtlebot_ws/src/install/ld08_driver/share/ld08_driver/launch
[40.215s] -- Installing: /home/pi/my_turtlebot_ws/src/install/ld08_driver/share/ld08_driver/launch/ld08.launch.py
[40.217s] -- Installing: /home/pi/my_turtlebot_ws/src/install/ld08_driver/lib/ld08_driver/ld08_driver
[40.227s] -- Set runtime path of "/home/pi/my_turtlebot_ws/src/install/ld08_driver/lib/ld08_driver/ld08_driver" to ""
[40.228s] -- Installing: /home/pi/my_turtlebot_ws/src/install/ld08_driver/share/ament_index/resource_index/package_run_dependencies/ld08_driver
[40.230s] -- Installing: /home/pi/my_turtlebot_ws/src/install/ld08_driver/share/ament_index/resource_index/parent_prefix_path/ld08_driver
[40.231s] -- Installing: /home/pi/my_turtlebot_ws/src/install/ld08_driver/share/ld08_driver/environment/ament_prefix_path.sh
[40.232s] -- Installing: /home/pi/my_turtlebot_ws/src/install/ld08_driver/share/ld08_driver/environment/ament_prefix_path.dsv
[40.233s] -- Installing: /home/pi/my_turtlebot_ws/src/install/ld08_driver/share/ld08_driver/environment/path.sh
[40.234s] -- Installing: /home/pi/my_turtlebot_ws/src/install/ld08_driver/share/ld08_driver/environment/path.dsv
[40.235s] -- Installing: /home/pi/my_turtlebot_ws/src/install/ld08_driver/share/ld08_driver/local_setup.bash
[40.237s] -- Installing: /home/pi/my_turtlebot_ws/src/install/ld08_driver/share/ld08_driver/local_setup.sh
[40.238s] -- Installing: /home/pi/my_turtlebot_ws/src/install/ld08_driver/share/ld08_driver/local_setup.zsh
[40.239s] -- Installing: /home/pi/my_turtlebot_ws/src/install/ld08_driver/share/ld08_driver/local_setup.dsv
[40.240s] -- Installing: /home/pi/my_turtlebot_ws/src/install/ld08_driver/share/ld08_driver/package.dsv
[40.241s] -- Installing: /home/pi/my_turtlebot_ws/src/install/ld08_driver/share/ament_index/resource_index/packages/ld08_driver
[40.242s] -- Installing: /home/pi/my_turtlebot_ws/src/install/ld08_driver/share/ld08_driver/cmake/ament_cmake_export_dependencies-extras.cmake
[40.244s] -- Installing: /home/pi/my_turtlebot_ws/src/install/ld08_driver/share/ld08_driver/cmake/ament_cmake_export_include_directories-extras.cmake
[40.245s] -- Installing: /home/pi/my_turtlebot_ws/src/install/ld08_driver/share/ld08_driver/cmake/ld08_driverConfig.cmake
[40.246s] -- Installing: /home/pi/my_turtlebot_ws/src/install/ld08_driver/share/ld08_driver/cmake/ld08_driverConfig-version.cmake
[40.247s] -- Installing: /home/pi/my_turtlebot_ws/src/install/ld08_driver/share/ld08_driver/package.xml
[40.253s] Invoked command in '/home/pi/my_turtlebot_ws/src/build/ld08_driver' returned '0': CMAKE_PREFIX_PATH=${CMAKE_PREFIX_PATH}:/home/pi/my_turtlebot_ws/install/turtlebot3_teleop:/home/pi/my_turtlebot_ws/install/turtlebot3_example:/home/pi/my_turtlebot_ws/install/mission_control:/home/pi/my_turtlebot_ws/install/auto_explore_controller:/home/pi/turtlebot3_ws/install/turtlebot3_teleop:/home/pi/turtlebot3_ws/install/turtlebot3_example:/opt/ros/humble /usr/bin/cmake --install /home/pi/my_turtlebot_ws/src/build/ld08_driver
