[0.142s] Invoking command in '/home/pi/my_turtlebot_ws/src/build/cartographer_ros_msgs': /usr/bin/cmake /home/pi/my_turtlebot_ws/src/cartographer_ros/cartographer_ros_msgs -DCATKIN_INSTALL_INTO_PREFIX_ROOT=0 -DCMAKE_INSTALL_PREFIX=/home/pi/my_turtlebot_ws/src/install/cartographer_ros_msgs
[0.181s] [0mCMake Deprecation Warning at CMakeLists.txt:15 (cmake_minimum_required):
[0.182s]   Compatibility with CMake < 2.8.12 will be removed from a future version of
[0.182s]   CMake.
[0.183s] 
[0.183s]   Update the VERSION argument <min> value or use a ...<max> suffix to tell
[0.183s]   CMake that the project does not need compatibility with older versions.
[0.184s] 
[0.185s] [0m
[0.617s] [31mCMake Error at CMakeLists.txt:24 (find_package):
[0.618s]   By not providing "Findcatkin.cmake" in CMAKE_MODULE_PATH this project has
[0.618s]   asked CMake to find a package configuration file provided by "catkin", but
[0.619s]   CMake did not find one.
[0.621s] 
[0.624s]   Could not find a package configuration file provided by "catkin" with any
[0.626s]   of the following names:
[0.629s] 
[0.633s]     catkinConfig.cmake
[0.633s]     catkin-config.cmake
[0.634s] 
[0.634s]   Add the installation prefix of "catkin" to CMAKE_PREFIX_PATH or set
[0.635s]   "catkin_DIR" to a directory containing one of the above files.  If "catkin"
[0.636s]   provides a separate development package or SDK, be sure it has been
[0.648s]   installed.
[0.648s] 
[0.649s] [0m
[0.649s] -- Configuring incomplete, errors occurred!
[0.650s] See also "/home/pi/my_turtlebot_ws/src/build/cartographer_ros_msgs/CMakeFiles/CMakeOutput.log".
[0.675s] Invoked command in '/home/pi/my_turtlebot_ws/src/build/cartographer_ros_msgs' returned '1': /usr/bin/cmake /home/pi/my_turtlebot_ws/src/cartographer_ros/cartographer_ros_msgs -DCATKIN_INSTALL_INTO_PREFIX_ROOT=0 -DCMAKE_INSTALL_PREFIX=/home/pi/my_turtlebot_ws/src/install/cartographer_ros_msgs
