[0.065s] Invoking command in '/home/pi/my_turtlebot_ws/src/build/cartographer': CMAKE_PREFIX_PATH=${CMAKE_PREFIX_PATH}:/home/pi/my_turtlebot_ws/install/turtlebot3_teleop:/home/pi/my_turtlebot_ws/install/turtlebot3_example:/home/pi/my_turtlebot_ws/install/mission_control:/home/pi/my_turtlebot_ws/install/auto_explore_controller:/home/pi/turtlebot3_ws/install/turtlebot3_teleop:/home/pi/turtlebot3_ws/install/turtlebot3_example:/opt/ros/humble /usr/bin/cmake --build /home/pi/my_turtlebot_ws/src/build/cartographer -- -j4 -l4
[0.324s] [35m[1mConsolidate compiler generated dependencies of target gtest[0m
[0.373s] [35m[1mConsolidate compiler generated dependencies of target cartographer[0m
[0.382s] [  0%] [34m[1mBuilding documentation.[0m
[0.427s] [  1%] Built target gtest
[0.442s] [  1%] Built target cartographer_detect_changes
[0.542s] [  2%] [32mBuilding CXX object gmock/CMakeFiles/gmock.dir/src/gmock-all.cc.o[0m
[0.621s] [  2%] [32mBuilding CXX object CMakeFiles/cartographer.dir/cartographer/common/lua_parameter_dictionary.cc.o[0m
[0.627s] [  2%] [32mBuilding CXX object CMakeFiles/cartographer.dir/cartographer/ground_truth/relations_text_file.cc.o[0m
[3.164s] [01mRunning Sphinx v4.3.2[39;49;00m
[4.438s] [01mloading pickled environment... [39;49;00mdone
[4.460s] [01mbuilding [mo]: [39;49;00mtargets for 0 po files that are out of date
[4.466s] [01mbuilding [html]: [39;49;00mtargets for 0 source files that are out of date
[4.472s] [01mupdating environment: [39;49;00m0 added, 0 changed, 0 removed
[4.474s] [01mlooking for now-outdated files... [39;49;00mnone found
[4.475s] [01mno targets are out of date.[39;49;00m
[4.475s] [01mbuild succeeded.[39;49;00m
[4.477s] 
[4.479s] The HTML pages are in html.
[5.064s] [  2%] Built target build_doc
[5.125s] [  2%] [32mBuilding CXX object CMakeFiles/cartographer.dir/cartographer/io/color.cc.o[0m
[14.465s] [  3%] [32mBuilding CXX object CMakeFiles/cartographer.dir/cartographer/io/coloring_points_processor.cc.o[0m
[20.020s] [  3%] [32mBuilding CXX object CMakeFiles/cartographer.dir/cartographer/io/counting_points_processor.cc.o[0m
[20.266s] [  3%] [32m[1mLinking CXX static library ../lib/libgmock.a[0m
[20.491s] [  3%] Built target gmock
[20.549s] [  3%] [32mBuilding CXX object CMakeFiles/cartographer.dir/cartographer/io/draw_trajectories.cc.o[0m
[20.605s] [  3%] [32mBuilding CXX object CMakeFiles/cartographer.dir/cartographer/io/file_writer.cc.o[0m
[28.341s] [  4%] [32mBuilding CXX object CMakeFiles/cartographer.dir/cartographer/io/fixed_ratio_sampling_points_processor.cc.o[0m
[35.981s] [  4%] [32mBuilding CXX object CMakeFiles/cartographer.dir/cartographer/io/frame_id_filtering_points_processor.cc.o[0m
[40.458s] [  4%] [32mBuilding CXX object CMakeFiles/cartographer.dir/cartographer/io/hybrid_grid_points_processor.cc.o[0m
[41.406s] [  4%] [32mBuilding CXX object CMakeFiles/cartographer.dir/cartographer/io/image.cc.o[0m
[50.282s] [  5%] [32mBuilding CXX object CMakeFiles/cartographer.dir/cartographer/io/intensity_to_color_points_processor.cc.o[0m
[59.409s] [  5%] [32mBuilding CXX object CMakeFiles/cartographer.dir/cartographer/io/internal/in_memory_proto_stream.cc.o[0m
[62.465s] [  5%] [32mBuilding CXX object CMakeFiles/cartographer.dir/cartographer/io/internal/mapping_state_serialization.cc.o[0m
[65.308s] [  6%] [32mBuilding CXX object CMakeFiles/cartographer.dir/cartographer/io/internal/pbstream_info.cc.o[0m
[69.676s] [  6%] [32mBuilding CXX object CMakeFiles/cartographer.dir/cartographer/io/internal/pbstream_migrate.cc.o[0m
[72.007s] [  6%] [32mBuilding CXX object gmock/CMakeFiles/gmock_main.dir/src/gmock_main.cc.o[0m
[79.339s] [  6%] [32m[1mLinking CXX static library ../lib/libgmock_main.a[0m
[79.566s] [  6%] Built target gmock_main
[79.629s] [  6%] [32mBuilding CXX object CMakeFiles/cartographer.dir/cartographer/io/min_max_range_filtering_points_processor.cc.o[0m
[81.418s] [  6%] [32mBuilding CXX object CMakeFiles/cartographer.dir/cartographer/io/outlier_removing_points_processor.cc.o[0m
[82.445s] [  7%] [32mBuilding CXX object CMakeFiles/cartographer.dir/cartographer/io/pcd_writing_points_processor.cc.o[0m
[91.242s] [  7%] [32mBuilding CXX object CMakeFiles/cartographer.dir/cartographer/io/ply_writing_points_processor.cc.o[0m
[92.917s] gmake[2]: *** [CMakeFiles/cartographer.dir/build.make:741: CMakeFiles/cartographer.dir/cartographer/io/pcd_writing_points_processor.cc.o] Interrupt
[92.918s] gmake[2]: *** [CMakeFiles/cartographer.dir/build.make:713: CMakeFiles/cartographer.dir/cartographer/io/min_max_range_filtering_points_processor.cc.o] Interrupt
[92.919s] gmake[2]: *** [CMakeFiles/cartographer.dir/build.make:755: CMakeFiles/cartographer.dir/cartographer/io/ply_writing_points_processor.cc.o] Interrupt
[92.920s] gmake[2]: *** [CMakeFiles/cartographer.dir/build.make:727: CMakeFiles/cartographer.dir/cartographer/io/outlier_removing_points_processor.cc.o] Interrupt
[92.922s] gmake[1]: *** [CMakeFiles/Makefile2:335: CMakeFiles/cartographer.dir/all] Interrupt
[92.923s] gmake: *** [Makefile:146: all] Interrupt
[93.017s] Invoked command in '/home/pi/my_turtlebot_ws/src/build/cartographer' returned '-2': CMAKE_PREFIX_PATH=${CMAKE_PREFIX_PATH}:/home/pi/my_turtlebot_ws/install/turtlebot3_teleop:/home/pi/my_turtlebot_ws/install/turtlebot3_example:/home/pi/my_turtlebot_ws/install/mission_control:/home/pi/my_turtlebot_ws/install/auto_explore_controller:/home/pi/turtlebot3_ws/install/turtlebot3_teleop:/home/pi/turtlebot3_ws/install/turtlebot3_example:/opt/ros/humble /usr/bin/cmake --build /home/pi/my_turtlebot_ws/src/build/cartographer -- -j4 -l4
